Build started 2016/7/27 11:25:40.
     1>Project "C:\Users\Octstar\Documents\Visual Studio 2010\Projects\ParticlesTemplate_chenyu\Particles.vcxproj" on node 2 (build target(s)).
     1>InitializeBuildStatus:
         Creating "Debug\Particles.unsuccessfulbuild" because "AlwaysCreate" was specified.
       ClCompile:
         C:\Program Files (x86)\Microsoft Visual Studio 10.0\VC\bin\CL.exe /c /ZI /nologo /W3 /WX- /Od /Oy- /D WIN32 /D _DEBUG /D _CONSOLE /D _UNICODE /D UNICODE /Gm /EHsc /RTC1 /MTd /GS /fp:precise /Zc:wchar_t /Zc:forScope /openmp /Fo"Debug\\" /Fd"Debug\vc100.pdb" /Gd /TP /analyze- /errorReport:prompt chenyu.cpp
         chenyu.cpp
       ManifestResourceCompile:
         All outputs are up-to-date.
       Link:
         C:\Program Files (x86)\Microsoft Visual Studio 10.0\VC\bin\link.exe /ERRORREPORT:PROMPT /OUT:"C:\Users\Octstar\Documents\Visual Studio 2010\Projects\ParticlesTemplate_chenyu\Debug\Particles.exe" /INCREMENTAL /NOLOGO glew32.lib glui32.lib glut32.lib glu32.lib opengl32.lib OpenCL32.lib kernel32.lib user32.lib gdi32.lib winspool.lib comdlg32.lib advapi32.lib shell32.lib ole32.lib oleaut32.lib uuid.lib odbc32.lib odbccp32.lib /MANIFEST /ManifestFile:"Debug\Particles.exe.intermediate.manifest" /MANIFESTUAC:"level='asInvoker' uiAccess='false'" /DEBUG /PDB:"C:\Users\Octstar\Documents\Visual Studio 2010\Projects\ParticlesTemplate_chenyu\Debug\Particles.pdb" /SUBSYSTEM:CONSOLE /TLBID:1 /DYNAMICBASE /NXCOMPAT /IMPLIB:"C:\Users\Octstar\Documents\Visual Studio 2010\Projects\ParticlesTemplate_chenyu\Debug\Particles.lib" /MACHINE:X86 Debug\Particles.exe.embed.manifest.res
         Debug\chenyu.obj
       Manifest:
         C:\Program Files (x86)\Microsoft SDKs\Windows\v7.0A\bin\mt.exe /nologo /verbose /out:"Debug\Particles.exe.embed.manifest" /manifest Debug\Particles.exe.intermediate.manifest
         All outputs are up-to-date.
       LinkEmbedManifest:
         All outputs are up-to-date.
         Particles.vcxproj -> C:\Users\Octstar\Documents\Visual Studio 2010\Projects\ParticlesTemplate_chenyu\Debug\Particles.exe
       FinalizeBuildStatus:
         Deleting file "Debug\Particles.unsuccessfulbuild".
         Touching "Debug\Particles.lastbuildstate".
     1>Done Building Project "C:\Users\Octstar\Documents\Visual Studio 2010\Projects\ParticlesTemplate_chenyu\Particles.vcxproj" (build target(s)).

Build succeeded.

Time Elapsed 00:00:01.25
