C:\USERS\OCTSTAR\DOCUMENTS\VISUAL STUDIO 2010\PROJECTS\PARTICLESTEMPLATE_CHENYU\DEBUG\CHENYU.OBJ
C:\Users\Octstar\Documents\Visual Studio 2010\Projects\ParticlesTemplate_chenyu\Debug\cl.command.1.tlog
C:\Users\Octstar\Documents\Visual Studio 2010\Projects\ParticlesTemplate_chenyu\Debug\CL.read.1.tlog
C:\Users\Octstar\Documents\Visual Studio 2010\Projects\ParticlesTemplate_chenyu\Debug\CL.write.1.tlog
C:\Users\Octstar\Documents\Visual Studio 2010\Projects\ParticlesTemplate_chenyu\Debug\link.10940.read.1.tlog
C:\Users\Octstar\Documents\Visual Studio 2010\Projects\ParticlesTemplate_chenyu\Debug\link.10940.write.1.tlog
C:\Users\Octstar\Documents\Visual Studio 2010\Projects\ParticlesTemplate_chenyu\Debug\link.10940-cvtres.read.1.tlog
C:\Users\Octstar\Documents\Visual Studio 2010\Projects\ParticlesTemplate_chenyu\Debug\link.10940-cvtres.write.1.tlog
C:\Users\Octstar\Documents\Visual Studio 2010\Projects\ParticlesTemplate_chenyu\Debug\link.command.1.tlog
C:\Users\Octstar\Documents\Visual Studio 2010\Projects\ParticlesTemplate_chenyu\Debug\link.read.1.tlog
C:\Users\Octstar\Documents\Visual Studio 2010\Projects\ParticlesTemplate_chenyu\Debug\link.write.1.tlog
C:\Users\Octstar\Documents\Visual Studio 2010\Projects\ParticlesTemplate_chenyu\Debug\link-cvtres.read.1.tlog
C:\Users\Octstar\Documents\Visual Studio 2010\Projects\ParticlesTemplate_chenyu\Debug\link-cvtres.write.1.tlog
C:\Users\Octstar\Documents\Visual Studio 2010\Projects\ParticlesTemplate_chenyu\Debug\mt.command.1.tlog
C:\Users\Octstar\Documents\Visual Studio 2010\Projects\ParticlesTemplate_chenyu\Debug\mt.read.1.tlog
C:\Users\Octstar\Documents\Visual Studio 2010\Projects\ParticlesTemplate_chenyu\Debug\mt.write.1.tlog
C:\USERS\OCTSTAR\DOCUMENTS\VISUAL STUDIO 2010\PROJECTS\PARTICLESTEMPLATE_CHENYU\DEBUG\PARTICLES.EXE
C:\USERS\OCTSTAR\DOCUMENTS\VISUAL STUDIO 2010\PROJECTS\PARTICLESTEMPLATE_CHENYU\DEBUG\PARTICLES.EXE.EMBED.MANIFEST
C:\USERS\OCTSTAR\DOCUMENTS\VISUAL STUDIO 2010\PROJECTS\PARTICLESTEMPLATE_CHENYU\DEBUG\PARTICLES.EXE.EMBED.MANIFEST.RES
C:\USERS\OCTSTAR\DOCUMENTS\VISUAL STUDIO 2010\PROJECTS\PARTICLESTEMPLATE_CHENYU\DEBUG\PARTICLES.EXE.INTERMEDIATE.MANIFEST
C:\USERS\OCTSTAR\DOCUMENTS\VISUAL STUDIO 2010\PROJECTS\PARTICLESTEMPLATE_CHENYU\DEBUG\PARTICLES.ILK
C:\USERS\OCTSTAR\DOCUMENTS\VISUAL STUDIO 2010\PROJECTS\PARTICLESTEMPLATE_CHENYU\DEBUG\PARTICLES.PDB
C:\Users\Octstar\Documents\Visual Studio 2010\Projects\ParticlesTemplate_chenyu\Debug\Particles.vcxprojResolveAssemblyReference.cache
C:\Users\Octstar\Documents\Visual Studio 2010\Projects\ParticlesTemplate_chenyu\Debug\Particles.write.1.tlog
C:\Users\Octstar\Documents\Visual Studio 2010\Projects\ParticlesTemplate_chenyu\Debug\Particles_manifest.rc
C:\Users\Octstar\Documents\Visual Studio 2010\Projects\ParticlesTemplate_chenyu\Debug\rc.command.1.tlog
C:\Users\Octstar\Documents\Visual Studio 2010\Projects\ParticlesTemplate_chenyu\Debug\rc.read.1.tlog
C:\Users\Octstar\Documents\Visual Studio 2010\Projects\ParticlesTemplate_chenyu\Debug\rc.write.1.tlog
C:\Users\Octstar\Documents\Visual Studio 2010\Projects\ParticlesTemplate_chenyu\Debug\vc100.idb
C:\USERS\OCTSTAR\DOCUMENTS\VISUAL STUDIO 2010\PROJECTS\PARTICLESTEMPLATE_CHENYU\DEBUG\VC100.PDB
